<?xml version="1.0" encoding="UTF-8"?>
<!-- Generated by org.testng.reporters.JUnitReportReporter -->
<testsuite skipped="0" hostname="Rameshs-MacBook-Pro.local" name="testcases.Demotest" tests="2" failures="0" timestamp="2023-04-05T10:21:04 IST" time="8.340" errors="0">
  <testcase name="checkLogin" time="5.233" classname="testcases.Demotest"/>
  <system-out/>
  <testcase name="checkLogin" time="3.107" classname="testcases.Demotest"/>
  <system-out/>
</testsuite> <!-- testcases.Demotest -->
